Using pre-set license
Built from '2020.2/staging' branch; Version is '2020.2.6f1 (8a2143876886) revision 9052483'; Using compiler version '192528614'; Build Type 'Release'
OS: 'Windows 10 Enterprise; OS build 19041.867; Version 2004; 64bit' Language: 'ko' Physical Memory: 4011 MB
BatchMode: 1, IsHumanControllingUs: 0, StartBugReporterOnCrash: 0, Is64bit: 1, IsPro: 0

 COMMAND LINE ARGUMENTS:
C:\Program Files\Unity\Hub\Editor\2020.2.6f1\Editor\Unity.exe
-adb2
-batchMode
-noUpm
-name
AssetImportWorker0
-projectPath
C:/Users/Administrator/Desktop/unity(게임실습)/20172127김태
-logFile
Logs/AssetImportWorker0.log
-srvPort
1834
Successfully changed project path to: C:/Users/Administrator/Desktop/unity(게임실습)/20172127김태
C:/Users/Administrator/Desktop/unity(게임실습)/20172127김태
Using Asset Import Pipeline V2.
Refreshing native plugins compatible for Editor in 65.38 ms, found 1 plugins.
Preloading 0 native plugins for Editor in 0.00 ms.
Initialize engine version: 2020.2.6f1 (8a2143876886)
[Subsystems] Discovering subsystems at path C:/Program Files/Unity/Hub/Editor/2020.2.6f1/Editor/Data/Resources/UnitySubsystems
[Subsystems] Discovering subsystems at path C:/Users/Administrator/Desktop/unity(게임실습)/20172127김태/Assets
GfxDevice: creating device client; threaded=0
Direct3D:
    Version:  Direct3D 11.0 [level 11.1]
    Renderer: Intel(R) HD Graphics 620 (ID=0x5916)
    Vendor:   
    VRAM:     2005 MB
    Driver:   25.20.100.6518
Initialize mono
Mono path[0] = 'C:/Program Files/Unity/Hub/Editor/2020.2.6f1/Editor/Data/Managed'
Mono path[1] = 'C:/Program Files/Unity/Hub/Editor/2020.2.6f1/Editor/Data/MonoBleedingEdge/lib/mono/unityjit'
Mono config path = 'C:/Program Files/Unity/Hub/Editor/2020.2.6f1/Editor/Data/MonoBleedingEdge/etc'
Using monoOptions --debugger-agent=transport=dt_socket,embedding=1,server=y,suspend=n,address=127.0.0.1:56820
Begin MonoManager ReloadAssembly
Registering precompiled unity dll's ...
Register platform support module: C:/Program Files/Unity/Hub/Editor/2020.2.6f1/Editor/Data/PlaybackEngines/WindowsStandaloneSupport/UnityEditor.WindowsStandalone.Extensions.dll
Registered in 0.004283 seconds.
Native extension for WindowsStandalone target not found
Refreshing native plugins compatible for Editor in 51.18 ms, found 1 plugins.
Preloading 0 native plugins for Editor in 0.00 ms.
Invoked RoslynAnalysisRunner static constructor.
RoslynAnalysisRunner will not be running.
RoslynAnalysisRunner has terminated.
Mono: successfully reloaded assembly
- Completed reload, in 12.598 seconds
Platform modules already initialized, skipping
Registering precompiled user dll's ...
Registered in 0.001581 seconds.
Begin MonoManager ReloadAssembly
Native extension for WindowsStandalone target not found
Refreshing native plugins compatible for Editor in 50.66 ms, found 1 plugins.
Preloading 0 native plugins for Editor in 0.00 ms.
Invoked RoslynAnalysisRunner static constructor.
RoslynAnalysisRunner will not be running.
RoslynAnalysisRunner has terminated.
Mono: successfully reloaded assembly
- Completed reload, in  1.356 seconds
Platform modules already initialized, skipping
========================================================================
Worker process is ready to serve import requests
Launched and connected shader compiler UnityShaderCompiler.exe after 0.13 seconds
Refreshing native plugins compatible for Editor in 0.44 ms, found 1 plugins.
Preloading 0 native plugins for Editor in 0.00 ms.
Unloading 1811 Unused Serialized files (Serialized files now loaded: 0)
System memory in use before: 87.6 MB.
System memory in use after: 87.7 MB.

Unloading 19 unused Assets to reduce memory usage. Loaded Objects now: 2261.
Total: 2.500100 ms (FindLiveObjects: 0.245400 ms CreateObjectMapping: 0.093800 ms MarkObjects: 2.050300 ms  DeleteObjects: 0.109300 ms)

========================================================================
Received Import Request.
  path: Assets/GameScene.unity
  artifactKey: Guid(f5bc68a92bdcaec49a3e24061ca3bb3b) Importer(815301076,1909f56bfc062723c751e8b465ee728b)
Start importing Assets/GameScene.unity using Guid(f5bc68a92bdcaec49a3e24061ca3bb3b) Importer(815301076,1909f56bfc062723c751e8b465ee728b)  -> (artifact id: 'a5a6433cf5405ed50764e046075d2dd3') in 0.024913 seconds
  Import took 0.033497 seconds .

========================================================================
Received Import Request.
  Time since last request: 22.656434 seconds.
  path: Assets/HomeScene.unity
  artifactKey: Guid(7e78d211c1d46994899d037257911b60) Importer(815301076,1909f56bfc062723c751e8b465ee728b)
Start importing Assets/HomeScene.unity using Guid(7e78d211c1d46994899d037257911b60) Importer(815301076,1909f56bfc062723c751e8b465ee728b)  -> (artifact id: '9a8f195953747e159927848d9748f7e4') in 0.019798 seconds
  Import took 0.031525 seconds .

========================================================================
Received Prepare
Registering precompiled user dll's ...
Registered in 0.001656 seconds.
Begin MonoManager ReloadAssembly
Native extension for WindowsStandalone target not found
Refreshing native plugins compatible for Editor in 0.44 ms, found 1 plugins.
Preloading 0 native plugins for Editor in 0.00 ms.
Invoked RoslynAnalysisRunner static constructor.
RoslynAnalysisRunner will not be running.
RoslynAnalysisRunner has terminated.
Mono: successfully reloaded assembly
- Completed reload, in  2.348 seconds
Platform modules already initialized, skipping
Refreshing native plugins compatible for Editor in 0.71 ms, found 1 plugins.
Preloading 0 native plugins for Editor in 0.00 ms.
Unloading 1801 Unused Serialized files (Serialized files now loaded: 0)
System memory in use before: 87.2 MB.
System memory in use after: 87.3 MB.

Unloading 7 unused Assets to reduce memory usage. Loaded Objects now: 2264.
Total: 4.884400 ms (FindLiveObjects: 0.258700 ms CreateObjectMapping: 0.095000 ms MarkObjects: 4.500000 ms  DeleteObjects: 0.028600 ms)

========================================================================
Received Prepare
Registering precompiled user dll's ...
Registered in 0.269872 seconds.
Begin MonoManager ReloadAssembly
Native extension for WindowsStandalone target not found
Refreshing native plugins compatible for Editor in 0.38 ms, found 1 plugins.
Preloading 0 native plugins for Editor in 0.00 ms.
Invoked RoslynAnalysisRunner static constructor.
RoslynAnalysisRunner will not be running.
RoslynAnalysisRunner has terminated.
Mono: successfully reloaded assembly
- Completed reload, in  1.161 seconds
Platform modules already initialized, skipping
Refreshing native plugins compatible for Editor in 0.37 ms, found 1 plugins.
Preloading 0 native plugins for Editor in 0.00 ms.
Unloading 1801 Unused Serialized files (Serialized files now loaded: 0)
System memory in use before: 87.3 MB.
System memory in use after: 87.4 MB.

Unloading 7 unused Assets to reduce memory usage. Loaded Objects now: 2267.
Total: 2.375400 ms (FindLiveObjects: 0.327600 ms CreateObjectMapping: 0.144500 ms MarkObjects: 1.879700 ms  DeleteObjects: 0.021500 ms)

========================================================================
Received Import Request.
  Time since last request: 346.479169 seconds.
  path: Assets/GameScene.unity
  artifactKey: Guid(f5bc68a92bdcaec49a3e24061ca3bb3b) Importer(815301076,1909f56bfc062723c751e8b465ee728b)
Start importing Assets/GameScene.unity using Guid(f5bc68a92bdcaec49a3e24061ca3bb3b) Importer(815301076,1909f56bfc062723c751e8b465ee728b)  -> (artifact id: 'a926dd1269f0d7546eb8d046c2907cf1') in 0.089964 seconds
  Import took 0.098685 seconds .

========================================================================
Received Import Request.
  Time since last request: 0.092996 seconds.
  path: Assets/GameScene.unity
  artifactKey: Guid(f5bc68a92bdcaec49a3e24061ca3bb3b) Importer(815301076,1909f56bfc062723c751e8b465ee728b)
Start importing Assets/GameScene.unity using Guid(f5bc68a92bdcaec49a3e24061ca3bb3b) Importer(815301076,1909f56bfc062723c751e8b465ee728b)  -> (artifact id: 'a926dd1269f0d7546eb8d046c2907cf1') in 0.015139 seconds
  Import took 0.025102 seconds .

========================================================================
Received Prepare
Registering precompiled user dll's ...
Registered in 0.309212 seconds.
Begin MonoManager ReloadAssembly
Native extension for WindowsStandalone target not found
Refreshing native plugins compatible for Editor in 23.49 ms, found 1 plugins.
Preloading 0 native plugins for Editor in 0.00 ms.
Invoked RoslynAnalysisRunner static constructor.
RoslynAnalysisRunner will not be running.
RoslynAnalysisRunner has terminated.
Mono: successfully reloaded assembly
- Completed reload, in 49.460 seconds
Platform modules already initialized, skipping
Refreshing native plugins compatible for Editor in 21.07 ms, found 1 plugins.
Preloading 0 native plugins for Editor in 0.00 ms.
Unloading 1801 Unused Serialized files (Serialized files now loaded: 0)
System memory in use before: 87.3 MB.
System memory in use after: 87.4 MB.

Unloading 7 unused Assets to reduce memory usage. Loaded Objects now: 2270.
Total: 95.213100 ms (FindLiveObjects: 2.766300 ms CreateObjectMapping: 46.245300 ms MarkObjects: 46.108800 ms  DeleteObjects: 0.081700 ms)

AssetImportWorkerClient::OnTransportError - code=2 error=End of file
