Using pre-set license
Built from '2020.2/staging' branch; Version is '2020.2.6f1 (8a2143876886) revision 9052483'; Using compiler version '192528614'; Build Type 'Release'
OS: 'Windows 10 Enterprise; OS build 19041.867; Version 2004; 64bit' Language: 'ko' Physical Memory: 4011 MB
BatchMode: 1, IsHumanControllingUs: 0, StartBugReporterOnCrash: 0, Is64bit: 1, IsPro: 0

 COMMAND LINE ARGUMENTS:
C:\Program Files\Unity\Hub\Editor\2020.2.6f1\Editor\Unity.exe
-adb2
-batchMode
-noUpm
-name
AssetImportWorker0
-projectPath
C:/Users/Administrator/Desktop/unity(게임실습)/20172127김태
-logFile
Logs/AssetImportWorker0.log
-srvPort
1974
Successfully changed project path to: C:/Users/Administrator/Desktop/unity(게임실습)/20172127김태
C:/Users/Administrator/Desktop/unity(게임실습)/20172127김태
Using Asset Import Pipeline V2.
Refreshing native plugins compatible for Editor in 117.99 ms, found 1 plugins.
Preloading 0 native plugins for Editor in 0.00 ms.
Initialize engine version: 2020.2.6f1 (8a2143876886)
[Subsystems] Discovering subsystems at path C:/Program Files/Unity/Hub/Editor/2020.2.6f1/Editor/Data/Resources/UnitySubsystems
[Subsystems] Discovering subsystems at path C:/Users/Administrator/Desktop/unity(게임실습)/20172127김태/Assets
GfxDevice: creating device client; threaded=0
Direct3D:
    Version:  Direct3D 11.0 [level 11.1]
    Renderer: Intel(R) HD Graphics 620 (ID=0x5916)
    Vendor:   
    VRAM:     2005 MB
    Driver:   25.20.100.6518
Initialize mono
Mono path[0] = 'C:/Program Files/Unity/Hub/Editor/2020.2.6f1/Editor/Data/Managed'
Mono path[1] = 'C:/Program Files/Unity/Hub/Editor/2020.2.6f1/Editor/Data/MonoBleedingEdge/lib/mono/unityjit'
Mono config path = 'C:/Program Files/Unity/Hub/Editor/2020.2.6f1/Editor/Data/MonoBleedingEdge/etc'
Using monoOptions --debugger-agent=transport=dt_socket,embedding=1,server=y,suspend=n,address=127.0.0.1:56748
Begin MonoManager ReloadAssembly
Registering precompiled unity dll's ...
Register platform support module: C:/Program Files/Unity/Hub/Editor/2020.2.6f1/Editor/Data/PlaybackEngines/WindowsStandaloneSupport/UnityEditor.WindowsStandalone.Extensions.dll
Registered in 0.005108 seconds.
Native extension for WindowsStandalone target not found
Refreshing native plugins compatible for Editor in 82.91 ms, found 1 plugins.
Preloading 0 native plugins for Editor in 0.00 ms.
Invoked RoslynAnalysisRunner static constructor.
RoslynAnalysisRunner will not be running.
RoslynAnalysisRunner has terminated.
Mono: successfully reloaded assembly
- Completed reload, in 10.062 seconds
Platform modules already initialized, skipping
Registering precompiled user dll's ...
Registered in 0.005063 seconds.
Begin MonoManager ReloadAssembly
Native extension for WindowsStandalone target not found
Refreshing native plugins compatible for Editor in 77.36 ms, found 1 plugins.
Preloading 0 native plugins for Editor in 0.00 ms.
Invoked RoslynAnalysisRunner static constructor.
RoslynAnalysisRunner will not be running.
RoslynAnalysisRunner has terminated.
Mono: successfully reloaded assembly
- Completed reload, in  2.280 seconds
Platform modules already initialized, skipping
========================================================================
Worker process is ready to serve import requests
Launched and connected shader compiler UnityShaderCompiler.exe after 0.15 seconds
Refreshing native plugins compatible for Editor in 0.48 ms, found 1 plugins.
Preloading 0 native plugins for Editor in 0.00 ms.
Unloading 1811 Unused Serialized files (Serialized files now loaded: 0)
System memory in use before: 87.7 MB.
System memory in use after: 87.8 MB.

Unloading 19 unused Assets to reduce memory usage. Loaded Objects now: 2261.
Total: 11.729900 ms (FindLiveObjects: 2.012600 ms CreateObjectMapping: 0.206700 ms MarkObjects: 9.007200 ms  DeleteObjects: 0.496900 ms)

========================================================================
Received Import Request.
  path: Assets/blowFishGenerator.cs
  artifactKey: Guid(56fff8a56244ec74199884d7129b386a) Importer(815301076,1909f56bfc062723c751e8b465ee728b)
Start importing Assets/blowFishGenerator.cs using Guid(56fff8a56244ec74199884d7129b386a) Importer(815301076,1909f56bfc062723c751e8b465ee728b)  -> (artifact id: 'fc9f18238f321eb74dee2689029e537a') in 0.128089 seconds
  Import took 0.141883 seconds .

========================================================================
Received Import Request.
  Time since last request: 0.224845 seconds.
  path: Assets/bite.anim
  artifactKey: Guid(d88250295f962444eb02287199ff06d2) Importer(815301076,1909f56bfc062723c751e8b465ee728b)
Start importing Assets/bite.anim using Guid(d88250295f962444eb02287199ff06d2) Importer(815301076,1909f56bfc062723c751e8b465ee728b)  -> (artifact id: '04c264f14ec0e56cb3bea992f11861a8') in 0.045193 seconds
  Import took 0.051969 seconds .

========================================================================
Received Import Request.
  Time since last request: 0.262621 seconds.
  path: Assets/homeScene.cs
  artifactKey: Guid(61aac9d4e0b0ac2448cc267615601ed2) Importer(815301076,1909f56bfc062723c751e8b465ee728b)
Start importing Assets/homeScene.cs using Guid(61aac9d4e0b0ac2448cc267615601ed2) Importer(815301076,1909f56bfc062723c751e8b465ee728b)  -> (artifact id: '01e3d44e45de8f23425f415d2baf96b2') in 0.014936 seconds
  Import took 0.021508 seconds .

========================================================================
Received Import Request.
  Time since last request: 0.035054 seconds.
  path: Assets/diverController.cs
  artifactKey: Guid(747f401eea3512d42b796e70eb12b6f9) Importer(815301076,1909f56bfc062723c751e8b465ee728b)
Start importing Assets/diverController.cs using Guid(747f401eea3512d42b796e70eb12b6f9) Importer(815301076,1909f56bfc062723c751e8b465ee728b)  -> (artifact id: 'e3d453cee96e75deeea78a67367263e2') in 0.011340 seconds
  Import took 0.021042 seconds .

========================================================================
Received Import Request.
  Time since last request: 0.250011 seconds.
  path: Assets/2D Underwater World/Assets/World/Sprites
  artifactKey: Guid(0da11c98b79aaad4c9377aa1a42578de) Importer(815301076,1909f56bfc062723c751e8b465ee728b)
Start importing Assets/2D Underwater World/Assets/World/Sprites using Guid(0da11c98b79aaad4c9377aa1a42578de) Importer(815301076,1909f56bfc062723c751e8b465ee728b)  -> (artifact id: 'db7cb474343626a76aed44da83b9a17c') in 0.016223 seconds
  Import took 0.022352 seconds .

========================================================================
Received Import Request.
  Time since last request: 0.044531 seconds.
  path: Assets/OverScene.cs
  artifactKey: Guid(97d377141e695e446add2c273c802de2) Importer(815301076,1909f56bfc062723c751e8b465ee728b)
Start importing Assets/OverScene.cs using Guid(97d377141e695e446add2c273c802de2) Importer(815301076,1909f56bfc062723c751e8b465ee728b)  -> (artifact id: 'e6f62a0374e2c1c22615609461b6c200') in 0.016612 seconds
  Import took 0.024202 seconds .

========================================================================
Received Import Request.
  Time since last request: 0.216236 seconds.
  path: Assets/urchinController.cs
  artifactKey: Guid(d7c1169215d7f9b47bc044edd27d6134) Importer(815301076,1909f56bfc062723c751e8b465ee728b)
Start importing Assets/urchinController.cs using Guid(d7c1169215d7f9b47bc044edd27d6134) Importer(815301076,1909f56bfc062723c751e8b465ee728b)  -> (artifact id: 'e262bb2f37259d4de1703898d374fdfd') in 0.134060 seconds
  Import took 0.345997 seconds .

========================================================================
Received Import Request.
  Time since last request: 0.133002 seconds.
  path: Assets/GameDirector.cs
  artifactKey: Guid(ecd474a7525f98a42bb1637d91227695) Importer(815301076,1909f56bfc062723c751e8b465ee728b)
Start importing Assets/GameDirector.cs using Guid(ecd474a7525f98a42bb1637d91227695) Importer(815301076,1909f56bfc062723c751e8b465ee728b)  -> (artifact id: '655f57a26c4cfb5b8daf752ad0b48f95') in 0.040507 seconds
  Import took 0.054756 seconds .

========================================================================
Received Import Request.
  Time since last request: 0.141369 seconds.
  path: Assets/sliderTimer.cs
  artifactKey: Guid(f91860fb7972844449f05450ba351ee1) Importer(815301076,1909f56bfc062723c751e8b465ee728b)
Start importing Assets/sliderTimer.cs using Guid(f91860fb7972844449f05450ba351ee1) Importer(815301076,1909f56bfc062723c751e8b465ee728b)  -> (artifact id: '41993153e99cc5475a5ea29db77daa2e') in 0.013780 seconds
  Import took 0.021289 seconds .

========================================================================
Received Import Request.
  Time since last request: 0.014924 seconds.
  path: Assets/Underwater Game Kit
  artifactKey: Guid(81b2a459b9e720742a5ef7b839769505) Importer(815301076,1909f56bfc062723c751e8b465ee728b)
Start importing Assets/Underwater Game Kit using Guid(81b2a459b9e720742a5ef7b839769505) Importer(815301076,1909f56bfc062723c751e8b465ee728b)  -> (artifact id: '8f807e5979208b9a1f60cd48316aa23c') in 0.014734 seconds
  Import took 0.024371 seconds .

========================================================================
Received Import Request.
  Time since last request: 0.118602 seconds.
  path: Assets/sharkGenerator.cs
  artifactKey: Guid(8cae715d60c69d6439ebdfd12c6b1def) Importer(815301076,1909f56bfc062723c751e8b465ee728b)
Start importing Assets/sharkGenerator.cs using Guid(8cae715d60c69d6439ebdfd12c6b1def) Importer(815301076,1909f56bfc062723c751e8b465ee728b)  -> (artifact id: '49414e3cd311fc184f1b77b2727d9b65') in 0.017713 seconds
  Import took 0.024216 seconds .

========================================================================
Received Import Request.
  Time since last request: 0.391136 seconds.
  path: Assets/2D Underwater World/Assets/World/Animations
  artifactKey: Guid(f88c331361ded1b428306931b611c8cf) Importer(815301076,1909f56bfc062723c751e8b465ee728b)
Start importing Assets/2D Underwater World/Assets/World/Animations using Guid(f88c331361ded1b428306931b611c8cf) Importer(815301076,1909f56bfc062723c751e8b465ee728b)  -> (artifact id: 'ae0623512c2dd1ebad2e32963d64207b') in 0.012266 seconds
  Import took 0.019575 seconds .

========================================================================
Received Import Request.
  Time since last request: 0.097367 seconds.
  path: Assets/2D Underwater World/Assets/World/Prefabs
  artifactKey: Guid(20f9b5513a708ed45811c714385291b5) Importer(815301076,1909f56bfc062723c751e8b465ee728b)
Start importing Assets/2D Underwater World/Assets/World/Prefabs using Guid(20f9b5513a708ed45811c714385291b5) Importer(815301076,1909f56bfc062723c751e8b465ee728b)  -> (artifact id: '868706974da1c9bb76a318913b6ab17a') in 0.015447 seconds
  Import took 0.021491 seconds .

========================================================================
Received Import Request.
  Time since last request: 0.168918 seconds.
  path: Assets/flagController.cs
  artifactKey: Guid(6323cabc056dcaf4ba1c882201aaf8b5) Importer(815301076,1909f56bfc062723c751e8b465ee728b)
Start importing Assets/flagController.cs using Guid(6323cabc056dcaf4ba1c882201aaf8b5) Importer(815301076,1909f56bfc062723c751e8b465ee728b)  -> (artifact id: '5a3d7b800ae92c4aaa68307c0310cea4') in 0.010385 seconds
  Import took 0.015640 seconds .

========================================================================
Received Import Request.
  Time since last request: 0.044703 seconds.
  path: Assets/2D Underwater World/Assets/World
  artifactKey: Guid(fb6e6f8b1030b764ea41e361bdf95546) Importer(815301076,1909f56bfc062723c751e8b465ee728b)
Start importing Assets/2D Underwater World/Assets/World using Guid(fb6e6f8b1030b764ea41e361bdf95546) Importer(815301076,1909f56bfc062723c751e8b465ee728b)  -> (artifact id: '1bf2fe7968d48bc71bb46c70976bdea0') in 0.019927 seconds
  Import took 0.024777 seconds .

========================================================================
Received Import Request.
  Time since last request: 0.598409 seconds.
  path: Assets/blowUpFishController.cs
  artifactKey: Guid(1b516c298c84d2549bc068dd5e87a175) Importer(815301076,1909f56bfc062723c751e8b465ee728b)
Start importing Assets/blowUpFishController.cs using Guid(1b516c298c84d2549bc068dd5e87a175) Importer(815301076,1909f56bfc062723c751e8b465ee728b)  -> (artifact id: '56a6fa4cb03054b918980a652669a693') in 0.011055 seconds
  Import took 0.024370 seconds .

========================================================================
Received Import Request.
  Time since last request: 0.107696 seconds.
  path: Assets/trashGenerator.cs
  artifactKey: Guid(dece9d29c89a9a644b72fc4f3a81c403) Importer(815301076,1909f56bfc062723c751e8b465ee728b)
Start importing Assets/trashGenerator.cs using Guid(dece9d29c89a9a644b72fc4f3a81c403) Importer(815301076,1909f56bfc062723c751e8b465ee728b)  -> (artifact id: 'a6cc9554b80f5e3679ba4af6fb5fb773') in 0.019107 seconds
  Import took 0.041676 seconds .

========================================================================
Received Import Request.
  Time since last request: 398.966702 seconds.
  path: Assets/20172127김태경.unitypackage
  artifactKey: Guid(e8c77ed006663814d9e448d105ac142b) Importer(815301076,1909f56bfc062723c751e8b465ee728b)
Start importing Assets/20172127김태경.unitypackage using Guid(e8c77ed006663814d9e448d105ac142b) Importer(815301076,1909f56bfc062723c751e8b465ee728b)  -> (artifact id: '9220312cefb7cc4ecbc26540770fd676') in 1.220076 seconds
  Import took 1.259498 seconds .

AssetImportWorkerClient::OnTransportError - code=2 error=End of file
